This file contains any messages produced by compilers while
running configure, to aid debugging if configure makes a mistake.

It was created by yaz configure 0.1, which was
generated by GNU Autoconf 2.61.  Invocation command line was

  $ ./configure 

## --------- ##
## Platform. ##
## --------- ##

hostname = dell-inspiron
uname -m = x86_64
uname -r = 4.4.0-62-generic
uname -s = Linux
uname -v = #83-Ubuntu SMP Wed Jan 18 14:10:15 UTC 2017

/usr/bin/uname -p = unknown
/bin/uname -X     = unknown

/bin/arch              = unknown
/usr/bin/arch -k       = unknown
/usr/convex/getsysinfo = unknown
/usr/bin/hostinfo      = unknown
/bin/machine           = unknown
/usr/bin/oslevel       = unknown
/bin/universe          = unknown

PATH: /usr/local/sbin
PATH: /usr/local/bin
PATH: /usr/sbin
PATH: /usr/bin
PATH: /sbin
PATH: /bin
PATH: /usr/games
PATH: /usr/local/games


## ----------- ##
## Core tests. ##
## ----------- ##

configure:1804: checking for g++
configure:1820: found /usr/bin/g++
configure:1831: result: g++
configure:1862: checking for C++ compiler version
configure:1869: g++ --version >&5
g++ (Ubuntu 5.4.0-6ubuntu1~16.04.4) 5.4.0 20160609
Copyright (C) 2015 Free Software Foundation, Inc.
This is free software; see the source for copying conditions.  There is NO
warranty; not even for MERCHANTABILITY or FITNESS FOR A PARTICULAR PURPOSE.

configure:1872: $? = 0
configure:1879: g++ -v >&5
Using built-in specs.
COLLECT_GCC=g++
COLLECT_LTO_WRAPPER=/usr/lib/gcc/x86_64-linux-gnu/5/lto-wrapper
Target: x86_64-linux-gnu
Configured with: ../src/configure -v --with-pkgversion='Ubuntu 5.4.0-6ubuntu1~16.04.4' --with-bugurl=file:///usr/share/doc/gcc-5/README.Bugs --enable-languages=c,ada,c++,java,go,d,fortran,objc,obj-c++ --prefix=/usr --program-suffix=-5 --enable-shared --enable-linker-build-id --libexecdir=/usr/lib --without-included-gettext --enable-threads=posix --libdir=/usr/lib --enable-nls --with-sysroot=/ --enable-clocale=gnu --enable-libstdcxx-debug --enable-libstdcxx-time=yes --with-default-libstdcxx-abi=new --enable-gnu-unique-object --disable-vtable-verify --enable-libmpx --enable-plugin --with-system-zlib --disable-browser-plugin --enable-java-awt=gtk --enable-gtk-cairo --with-java-home=/usr/lib/jvm/java-1.5.0-gcj-5-amd64/jre --enable-java-home --with-jvm-root-dir=/usr/lib/jvm/java-1.5.0-gcj-5-amd64 --with-jvm-jar-dir=/usr/lib/jvm-exports/java-1.5.0-gcj-5-amd64 --with-arch-directory=amd64 --with-ecj-jar=/usr/share/java/eclipse-ecj.jar --enable-objc-gc --enable-multiarch --disable-werror --with-arch-32=i686 --with-abi=m64 --with-multilib-list=m32,m64,mx32 --enable-multilib --with-tune=generic --enable-checking=release --build=x86_64-linux-gnu --host=x86_64-linux-gnu --target=x86_64-linux-gnu
Thread model: posix
gcc version 5.4.0 20160609 (Ubuntu 5.4.0-6ubuntu1~16.04.4) 
configure:1882: $? = 0
configure:1889: g++ -V >&5
g++: error: unrecognized command line option '-V'
g++: fatal error: no input files
compilation terminated.
configure:1892: $? = 1
configure:1915: checking for C++ compiler default output file name
configure:1942: g++ -g   conftest.cpp  >&5
configure:1945: $? = 0
configure:1983: result: a.out
configure:2000: checking whether the C++ compiler works
configure:2010: ./a.out
configure:2013: $? = 0
configure:2030: result: yes
configure:2037: checking whether we are cross compiling
configure:2039: result: no
configure:2042: checking for suffix of executables
configure:2049: g++ -o conftest -g   conftest.cpp  >&5
configure:2052: $? = 0
configure:2076: result: 
configure:2082: checking for suffix of object files
configure:2108: g++ -c -g  conftest.cpp >&5
configure:2111: $? = 0
configure:2134: result: o
configure:2138: checking whether we are using the GNU C++ compiler
configure:2167: g++ -c -g  conftest.cpp >&5
configure:2173: $? = 0
configure:2190: result: yes
configure:2195: checking whether g++ accepts -g
configure:2225: g++ -c -g  conftest.cpp >&5
configure:2231: $? = 0
configure:2330: result: yes
configure:2353: checking whether make sets $(MAKE)
configure:2374: result: yes
configure:2427: checking for a BSD-compatible install
configure:2483: result: /usr/bin/install -c
configure:2506: checking build system type
configure:2524: result: x86_64-unknown-linux-gnu
configure:2546: checking host system type
configure:2561: result: x86_64-unknown-linux-gnu
configure:2583: checking target system type
configure:2598: result: x86_64-unknown-linux-gnu
configure:2666: checking how to run the C++ preprocessor
configure:2702: g++ -E  -I/usr/include/pcap -D_REENTRANT conftest.cpp
configure:2708: $? = 0
configure:2739: g++ -E  -I/usr/include/pcap -D_REENTRANT conftest.cpp
conftest.cpp:8:28: fatal error: ac_nonexistent.h: No such file or directory
compilation terminated.
configure:2745: $? = 1
configure: failed program was:
| /* confdefs.h.  */
| #define PACKAGE_NAME "yaz"
| #define PACKAGE_TARNAME "yaz"
| #define PACKAGE_VERSION "0.1"
| #define PACKAGE_STRING "yaz 0.1"
| #define PACKAGE_BUGREPORT "jsommers@cs.wisc.edu"
| /* end confdefs.h.  */
| #include <ac_nonexistent.h>
configure:2778: result: g++ -E
configure:2807: g++ -E  -I/usr/include/pcap -D_REENTRANT conftest.cpp
configure:2813: $? = 0
configure:2844: g++ -E  -I/usr/include/pcap -D_REENTRANT conftest.cpp
conftest.cpp:8:28: fatal error: ac_nonexistent.h: No such file or directory
compilation terminated.
configure:2850: $? = 1
configure: failed program was:
| /* confdefs.h.  */
| #define PACKAGE_NAME "yaz"
| #define PACKAGE_TARNAME "yaz"
| #define PACKAGE_VERSION "0.1"
| #define PACKAGE_STRING "yaz 0.1"
| #define PACKAGE_BUGREPORT "jsommers@cs.wisc.edu"
| /* end confdefs.h.  */
| #include <ac_nonexistent.h>
configure:2888: checking for grep that handles long lines and -e
configure:2962: result: /bin/grep
configure:2967: checking for egrep
configure:3045: result: /bin/grep -E
configure:3050: checking for ANSI C header files
configure:3080: g++ -c -g -Wall -pthread  -I/usr/include/pcap -D_REENTRANT conftest.cpp >&5
configure:3086: $? = 0
configure:3185: g++ -o conftest -g -Wall -pthread  -I/usr/include/pcap -D_REENTRANT  conftest.cpp  >&5
configure:3188: $? = 0
configure:3194: ./conftest
configure:3197: $? = 0
configure:3214: result: yes
configure:3238: checking for sys/types.h
configure:3259: g++ -c -g -Wall -pthread  -I/usr/include/pcap -D_REENTRANT conftest.cpp >&5
configure:3265: $? = 0
configure:3281: result: yes
configure:3238: checking for sys/stat.h
configure:3259: g++ -c -g -Wall -pthread  -I/usr/include/pcap -D_REENTRANT conftest.cpp >&5
configure:3265: $? = 0
configure:3281: result: yes
configure:3238: checking for stdlib.h
configure:3259: g++ -c -g -Wall -pthread  -I/usr/include/pcap -D_REENTRANT conftest.cpp >&5
configure:3265: $? = 0
configure:3281: result: yes
configure:3238: checking for string.h
configure:3259: g++ -c -g -Wall -pthread  -I/usr/include/pcap -D_REENTRANT conftest.cpp >&5
configure:3265: $? = 0
configure:3281: result: yes
configure:3238: checking for memory.h
configure:3259: g++ -c -g -Wall -pthread  -I/usr/include/pcap -D_REENTRANT conftest.cpp >&5
configure:3265: $? = 0
configure:3281: result: yes
configure:3238: checking for strings.h
configure:3259: g++ -c -g -Wall -pthread  -I/usr/include/pcap -D_REENTRANT conftest.cpp >&5
configure:3265: $? = 0
configure:3281: result: yes
configure:3238: checking for inttypes.h
configure:3259: g++ -c -g -Wall -pthread  -I/usr/include/pcap -D_REENTRANT conftest.cpp >&5
configure:3265: $? = 0
configure:3281: result: yes
configure:3238: checking for stdint.h
configure:3259: g++ -c -g -Wall -pthread  -I/usr/include/pcap -D_REENTRANT conftest.cpp >&5
configure:3265: $? = 0
configure:3281: result: yes
configure:3238: checking for unistd.h
configure:3259: g++ -c -g -Wall -pthread  -I/usr/include/pcap -D_REENTRANT conftest.cpp >&5
configure:3265: $? = 0
configure:3281: result: yes
configure:3308: checking sys/socket.h usability
configure:3325: g++ -c -g -Wall -pthread  -I/usr/include/pcap -D_REENTRANT conftest.cpp >&5
configure:3331: $? = 0
configure:3345: result: yes
configure:3349: checking sys/socket.h presence
configure:3364: g++ -E  -I/usr/include/pcap -D_REENTRANT conftest.cpp
configure:3370: $? = 0
configure:3384: result: yes
configure:3417: checking for sys/socket.h
configure:3425: result: yes
configure:3773: checking float.h usability
configure:3790: g++ -c -g -Wall -pthread  -I/usr/include/pcap -D_REENTRANT conftest.cpp >&5
configure:3796: $? = 0
configure:3810: result: yes
configure:3814: checking float.h presence
configure:3829: g++ -E  -I/usr/include/pcap -D_REENTRANT conftest.cpp
configure:3835: $? = 0
configure:3849: result: yes
configure:3882: checking for float.h
configure:3890: result: yes
configure:3918: checking pthread.h usability
configure:3935: g++ -c -g -Wall -pthread  -I/usr/include/pcap -D_REENTRANT conftest.cpp >&5
configure:3941: $? = 0
configure:3955: result: yes
configure:3959: checking pthread.h presence
configure:3974: g++ -E  -I/usr/include/pcap -D_REENTRANT conftest.cpp
configure:3980: $? = 0
configure:3994: result: yes
configure:4027: checking for pthread.h
configure:4035: result: yes
configure:4049: checking for thr_create in -lthread
configure:4084: g++ -o conftest -g -Wall -pthread  -I/usr/include/pcap -D_REENTRANT  conftest.cpp -lthread   >&5
/usr/bin/ld: cannot find -lthread
collect2: error: ld returned 1 exit status
configure:4090: $? = 1
configure: failed program was:
| /* confdefs.h.  */
| #define PACKAGE_NAME "yaz"
| #define PACKAGE_TARNAME "yaz"
| #define PACKAGE_VERSION "0.1"
| #define PACKAGE_STRING "yaz 0.1"
| #define PACKAGE_BUGREPORT "jsommers@cs.wisc.edu"
| #define STDC_HEADERS 1
| #define HAVE_SYS_TYPES_H 1
| #define HAVE_SYS_STAT_H 1
| #define HAVE_STDLIB_H 1
| #define HAVE_STRING_H 1
| #define HAVE_MEMORY_H 1
| #define HAVE_STRINGS_H 1
| #define HAVE_INTTYPES_H 1
| #define HAVE_STDINT_H 1
| #define HAVE_UNISTD_H 1
| #define HAVE_SYS_SOCKET_H 1
| #define HAVE_FLOAT_H 1
| #define HAVE_PTHREAD_H 1
| /* end confdefs.h.  */
| 
| /* Override any GCC internal prototype to avoid an error.
|    Use char because int might match the return type of a GCC
|    builtin and then its argument prototype would still apply.  */
| #ifdef __cplusplus
| extern "C"
| #endif
| char thr_create ();
| int
| main ()
| {
| return thr_create ();
|   ;
|   return 0;
| }
configure:4108: result: no
configure:4120: checking for pthread_create in -lpthread
configure:4155: g++ -o conftest -g -Wall -pthread  -I/usr/include/pcap -D_REENTRANT  conftest.cpp -lpthread   >&5
configure:4161: $? = 0
configure:4179: result: yes
configure:4191: checking for pthread_create in -lc_r
configure:4226: g++ -o conftest -g -Wall -pthread  -I/usr/include/pcap -D_REENTRANT  conftest.cpp -lc_r  -lpthread  >&5
/usr/bin/ld: cannot find -lc_r
collect2: error: ld returned 1 exit status
configure:4232: $? = 1
configure: failed program was:
| /* confdefs.h.  */
| #define PACKAGE_NAME "yaz"
| #define PACKAGE_TARNAME "yaz"
| #define PACKAGE_VERSION "0.1"
| #define PACKAGE_STRING "yaz 0.1"
| #define PACKAGE_BUGREPORT "jsommers@cs.wisc.edu"
| #define STDC_HEADERS 1
| #define HAVE_SYS_TYPES_H 1
| #define HAVE_SYS_STAT_H 1
| #define HAVE_STDLIB_H 1
| #define HAVE_STRING_H 1
| #define HAVE_MEMORY_H 1
| #define HAVE_STRINGS_H 1
| #define HAVE_INTTYPES_H 1
| #define HAVE_STDINT_H 1
| #define HAVE_UNISTD_H 1
| #define HAVE_SYS_SOCKET_H 1
| #define HAVE_FLOAT_H 1
| #define HAVE_PTHREAD_H 1
| #define HAVE_LIBPTHREAD 1
| /* end confdefs.h.  */
| 
| /* Override any GCC internal prototype to avoid an error.
|    Use char because int might match the return type of a GCC
|    builtin and then its argument prototype would still apply.  */
| #ifdef __cplusplus
| extern "C"
| #endif
| char pthread_create ();
| int
| main ()
| {
| return pthread_create ();
|   ;
|   return 0;
| }
configure:4250: result: no
configure:4261: checking for socklen_t
configure:4295: g++ -c -g -Wall -pthread  -I/usr/include/pcap -D_REENTRANT conftest.cpp >&5
configure:4301: $? = 0
configure:4316: result: yes
configure:4346: checking sched.h usability
configure:4363: g++ -c -g -Wall -pthread  -I/usr/include/pcap -D_REENTRANT conftest.cpp >&5
configure:4369: $? = 0
configure:4383: result: yes
configure:4387: checking sched.h presence
configure:4402: g++ -E  -I/usr/include/pcap -D_REENTRANT conftest.cpp
configure:4408: $? = 0
configure:4422: result: yes
configure:4455: checking for sched.h
configure:4463: result: yes
configure:4480: checking for sched_setscheduler
configure:4536: g++ -o conftest -g -Wall -pthread  -I/usr/include/pcap -D_REENTRANT  conftest.cpp -lpthread  >&5
configure:4542: $? = 0
configure:4560: result: yes
configure:4575: checking for sysctlbyname
configure:4631: g++ -o conftest -g -Wall -pthread  -I/usr/include/pcap -D_REENTRANT  conftest.cpp -lpthread  >&5
/tmp/cclsq9e4.o: In function `main':
/home/michel/Documentos/ProjectWifi/yaz/conftest.cpp:59: undefined reference to `sysctlbyname'
collect2: error: ld returned 1 exit status
configure:4637: $? = 1
configure: failed program was:
| /* confdefs.h.  */
| #define PACKAGE_NAME "yaz"
| #define PACKAGE_TARNAME "yaz"
| #define PACKAGE_VERSION "0.1"
| #define PACKAGE_STRING "yaz 0.1"
| #define PACKAGE_BUGREPORT "jsommers@cs.wisc.edu"
| #define STDC_HEADERS 1
| #define HAVE_SYS_TYPES_H 1
| #define HAVE_SYS_STAT_H 1
| #define HAVE_STDLIB_H 1
| #define HAVE_STRING_H 1
| #define HAVE_MEMORY_H 1
| #define HAVE_STRINGS_H 1
| #define HAVE_INTTYPES_H 1
| #define HAVE_STDINT_H 1
| #define HAVE_UNISTD_H 1
| #define HAVE_SYS_SOCKET_H 1
| #define HAVE_FLOAT_H 1
| #define HAVE_PTHREAD_H 1
| #define HAVE_LIBPTHREAD 1
| #define SOCKLEN_T socklen_t
| #define HAVE_SCHED_H 1
| #define HAVE_SCHED_SETSCHEDULER 1
| /* end confdefs.h.  */
| /* Define sysctlbyname to an innocuous variant, in case <limits.h> declares sysctlbyname.
|    For example, HP-UX 11i <limits.h> declares gettimeofday.  */
| #define sysctlbyname innocuous_sysctlbyname
| 
| /* System header to define __stub macros and hopefully few prototypes,
|     which can conflict with char sysctlbyname (); below.
|     Prefer <limits.h> to <assert.h> if __STDC__ is defined, since
|     <limits.h> exists even on freestanding compilers.  */
| 
| #ifdef __STDC__
| # include <limits.h>
| #else
| # include <assert.h>
| #endif
| 
| #undef sysctlbyname
| 
| /* Override any GCC internal prototype to avoid an error.
|    Use char because int might match the return type of a GCC
|    builtin and then its argument prototype would still apply.  */
| #ifdef __cplusplus
| extern "C"
| #endif
| char sysctlbyname ();
| /* The GNU C library defines this for functions which it implements
|     to always fail with ENOSYS.  Some functions are actually named
|     something starting with __ and the normal name is an alias.  */
| #if defined __stub_sysctlbyname || defined __stub___sysctlbyname
| choke me
| #endif
| 
| int
| main ()
| {
| return sysctlbyname ();
|   ;
|   return 0;
| }
configure:4655: result: no
configure:4669: checking for sysconf
configure:4725: g++ -o conftest -g -Wall -pthread  -I/usr/include/pcap -D_REENTRANT  conftest.cpp -lpthread  >&5
configure:4731: $? = 0
configure:4749: result: yes
configure:4774: checking sys/param.h usability
configure:4791: g++ -c -g -Wall -pthread  -I/usr/include/pcap -D_REENTRANT conftest.cpp >&5
configure:4797: $? = 0
configure:4811: result: yes
configure:4815: checking sys/param.h presence
configure:4830: g++ -E  -I/usr/include/pcap -D_REENTRANT conftest.cpp
configure:4836: $? = 0
configure:4850: result: yes
configure:4883: checking for sys/param.h
configure:4891: result: yes
configure:5012: creating ./config.status

## ---------------------- ##
## Running config.status. ##
## ---------------------- ##

This file was extended by yaz config.status 0.1, which was
generated by GNU Autoconf 2.61.  Invocation command line was

  CONFIG_FILES    = 
  CONFIG_HEADERS  = 
  CONFIG_LINKS    = 
  CONFIG_COMMANDS = 
  $ ./config.status 

on dell-inspiron

config.status:614: creating Makefile
config.status:614: creating config.h

## ---------------- ##
## Cache variables. ##
## ---------------- ##

ac_cv_build=x86_64-unknown-linux-gnu
ac_cv_cxx_compiler_gnu=yes
ac_cv_env_CCC_set=
ac_cv_env_CCC_value=
ac_cv_env_CPPFLAGS_set=
ac_cv_env_CPPFLAGS_value=
ac_cv_env_CXXCPP_set=
ac_cv_env_CXXCPP_value=
ac_cv_env_CXXFLAGS_set=
ac_cv_env_CXXFLAGS_value=
ac_cv_env_CXX_set=
ac_cv_env_CXX_value=
ac_cv_env_LDFLAGS_set=
ac_cv_env_LDFLAGS_value=
ac_cv_env_LIBS_set=
ac_cv_env_LIBS_value=
ac_cv_env_build_alias_set=
ac_cv_env_build_alias_value=
ac_cv_env_host_alias_set=
ac_cv_env_host_alias_value=
ac_cv_env_target_alias_set=
ac_cv_env_target_alias_value=
ac_cv_func_sched_setscheduler=yes
ac_cv_func_sysconf=yes
ac_cv_func_sysctlbyname=no
ac_cv_header_float_h=yes
ac_cv_header_inttypes_h=yes
ac_cv_header_memory_h=yes
ac_cv_header_pthread_h=yes
ac_cv_header_sched_h=yes
ac_cv_header_stdc=yes
ac_cv_header_stdint_h=yes
ac_cv_header_stdlib_h=yes
ac_cv_header_string_h=yes
ac_cv_header_strings_h=yes
ac_cv_header_sys_param_h=yes
ac_cv_header_sys_socket_h=yes
ac_cv_header_sys_stat_h=yes
ac_cv_header_sys_types_h=yes
ac_cv_header_unistd_h=yes
ac_cv_host=x86_64-unknown-linux-gnu
ac_cv_lib_c_r_pthread_create=no
ac_cv_lib_pthread_pthread_create=yes
ac_cv_lib_thread_thr_create=no
ac_cv_objext=o
ac_cv_path_EGREP='/bin/grep -E'
ac_cv_path_GREP=/bin/grep
ac_cv_path_install='/usr/bin/install -c'
ac_cv_prog_CXXCPP='g++ -E'
ac_cv_prog_ac_ct_CXX=g++
ac_cv_prog_cxx_g=yes
ac_cv_prog_make_make_set=yes
ac_cv_target=x86_64-unknown-linux-gnu
ac_cv_type_socklen_t=yes

## ----------------- ##
## Output variables. ##
## ----------------- ##

CPPFLAGS=' -I/usr/include/pcap -D_REENTRANT'
CXX='g++'
CXXCPP='g++ -E'
CXXFLAGS='-g -Wall -pthread'
DEFS='-DHAVE_CONFIG_H'
ECHO_C=''
ECHO_N='-n'
ECHO_T=''
EGREP='/bin/grep -E'
EXEEXT=''
GREP='/bin/grep'
HAVE_PCAP_BIOCIMMEDIATE=''
HAVE_PCAP_SETNONBLOCK=''
HAVE_SCHED_SETSCHEDULER=''
INSTALL_DATA='${INSTALL} -m 644'
INSTALL_PROGRAM='${INSTALL}'
INSTALL_SCRIPT='${INSTALL}'
LDFLAGS=''
LIBOBJS=''
LIBS='-lpthread '
LTLIBOBJS=''
OBJEXT='o'
PACKAGE_BUGREPORT='jsommers@cs.wisc.edu'
PACKAGE_NAME='yaz'
PACKAGE_STRING='yaz 0.1'
PACKAGE_TARNAME='yaz'
PACKAGE_VERSION='0.1'
PATH_SEPARATOR=':'
SET_MAKE=''
SHELL='/bin/bash'
SOCKLEN_T=''
TEMPLATEDIR=''
USE_PCAP='0'
ac_ct_CXX='g++'
bindir='${exec_prefix}/bin'
build='x86_64-unknown-linux-gnu'
build_alias=''
build_cpu='x86_64'
build_os='linux-gnu'
build_vendor='unknown'
datadir='${datarootdir}'
datarootdir='${prefix}/share'
docdir='${datarootdir}/doc/${PACKAGE_TARNAME}'
dvidir='${docdir}'
exec_prefix='${prefix}'
host='x86_64-unknown-linux-gnu'
host_alias=''
host_cpu='x86_64'
host_os='linux-gnu'
host_vendor='unknown'
htmldir='${docdir}'
includedir='${prefix}/include'
infodir='${datarootdir}/info'
libdir='${exec_prefix}/lib'
libexecdir='${exec_prefix}/libexec'
localedir='${datarootdir}/locale'
localstatedir='${prefix}/var'
mandir='${datarootdir}/man'
oldincludedir='/usr/include'
pdfdir='${docdir}'
prefix='/usr/local'
program_transform_name='s,x,x,'
psdir='${docdir}'
sbindir='${exec_prefix}/sbin'
sharedstatedir='${prefix}/com'
sysconfdir='${prefix}/etc'
target='x86_64-unknown-linux-gnu'
target_alias=''
target_cpu='x86_64'
target_os='linux-gnu'
target_vendor='unknown'

## ----------- ##
## confdefs.h. ##
## ----------- ##

#define PACKAGE_NAME "yaz"
#define PACKAGE_TARNAME "yaz"
#define PACKAGE_VERSION "0.1"
#define PACKAGE_STRING "yaz 0.1"
#define PACKAGE_BUGREPORT "jsommers@cs.wisc.edu"
#define STDC_HEADERS 1
#define HAVE_SYS_TYPES_H 1
#define HAVE_SYS_STAT_H 1
#define HAVE_STDLIB_H 1
#define HAVE_STRING_H 1
#define HAVE_MEMORY_H 1
#define HAVE_STRINGS_H 1
#define HAVE_INTTYPES_H 1
#define HAVE_STDINT_H 1
#define HAVE_UNISTD_H 1
#define HAVE_SYS_SOCKET_H 1
#define HAVE_FLOAT_H 1
#define HAVE_PTHREAD_H 1
#define HAVE_LIBPTHREAD 1
#define SOCKLEN_T socklen_t
#define HAVE_SCHED_H 1
#define HAVE_SCHED_SETSCHEDULER 1
#define HAVE_SYSCONF 1
#define HAVE_SYS_PARAM_H 1

configure: exit 0
